0 silly argv {
0 silly argv   _: [ 'version' ],
0 silly argv   lernaVersion: '6.6.2',
0 silly argv   '$0': '..\\..\\AppData\\Roaming\\npm\\node_modules\\lerna\\dist\\cli.js'
0 silly argv }
1 notice cli v6.6.2
2 verbose rootPath C:\Users\R7000\Desktop\monorepo-test
3 info versioning independent
4 silly isAnythingCommitted
5 verbose isAnythingCommitted 1
6 silly getCurrentBranch
7 verbose currentBranch main
8 silly remoteBranchExists
9 silly isBehindUpstream
10 error Error: Command failed with exit code 1: git remote update
10 error fatal: unable to access 'https://github.com/jsnb2333/monorepo-test.git/': Failed to connect to github.com port 443 after 225021 ms: Timed out
10 error     at makeError (C:\Users\R7000\Desktop\monorepo-test\node_modules\execa\lib\error.js:59:11)
10 error     at Function.module.exports.sync (C:\Users\R7000\Desktop\monorepo-test\node_modules\execa\index.js:186:17)
10 error     at Object.execSync (C:\Users\R7000\Desktop\monorepo-test\node_modules\@lerna\child-process\index.js:39:16)
10 error     at updateRemote (C:\Users\R7000\Desktop\monorepo-test\node_modules\lerna\dist\cli.js:5910:22)
10 error     at isBehindUpstream (C:\Users\R7000\Desktop\monorepo-test\node_modules\lerna\dist\cli.js:5900:7)
10 error     at VersionCommand.initialize (C:\Users\R7000\Desktop\monorepo-test\node_modules\lerna\dist\cli.js:6235:57)
